*** Starting uWSGI 2.0.20 (64bit) on [Thu Jul 14 16:12:21 2022] ***
compiled with version: 7.5.0 on 14 July 2022 15:59:05
os: Linux-5.4.0-1078-aws #84~18.04.1-Ubuntu SMP Fri Jun 3 12:59:49 UTC 2022
nodename: ip-172-31-43-202
machine: x86_64
clock source: unix
detected number of CPU cores: 1
current working directory: /root/www
writing pidfile to /tmp/project-master.pid
detected binary path: /root/www/venv/bin/uwsgi
!!! no internal routing support, rebuild with pcre support !!!
uWSGI running as root, you can use --uid/--gid/--chroot options
*** WARNING: you are running uWSGI as root !!! (use the --uid flag) *** 
chdir() to /root/www/Django/basicjango
your processes number limit is 3782
your memory page size is 4096 bytes
detected max file descriptor number: 1024
lock engine: pthread robust mutexes
thunder lock: disabled (you can enable it with --thunder-lock)
bind(): No such file or directory [core/socket.c line 230]
*** Starting uWSGI 2.0.20 (64bit) on [Thu Jul 14 16:42:32 2022] ***
compiled with version: 7.5.0 on 14 July 2022 15:59:05
os: Linux-5.4.0-1078-aws #84~18.04.1-Ubuntu SMP Fri Jun 3 12:59:49 UTC 2022
nodename: ip-172-31-43-202
machine: x86_64
clock source: unix
detected number of CPU cores: 1
current working directory: /root/www
writing pidfile to /tmp/project-master.pid
detected binary path: /root/www/venv/bin/uwsgi
!!! no internal routing support, rebuild with pcre support !!!
uWSGI running as root, you can use --uid/--gid/--chroot options
*** WARNING: you are running uWSGI as root !!! (use the --uid flag) *** 
chdir() to /root/www/Django/basicjango
your processes number limit is 3782
your memory page size is 4096 bytes
detected max file descriptor number: 1024
lock engine: pthread robust mutexes
thunder lock: disabled (you can enable it with --thunder-lock)
bind(): No such file or directory [core/socket.c line 230]
